/n/home04/amuppidi/.conda/envs/torch/lib/python3.10/site-packages/gym/envs/registration.py:323: DeprecationWarning: The package name gym_minigrid has been deprecated in favor of minigrid. Please uninstall gym_minigrid and install minigrid with `pip install minigrid`. Future releases will be maintained under the new package name minigrid.
  fn()
/n/home04/amuppidi/.conda/envs/torch/lib/python3.10/site-packages/requests/__init__.py:43: DeprecationWarning: 'urllib3[secure]' extra is deprecated and will be removed in a future release of urllib3 2.x. Read more in this issue: https://github.com/urllib3/urllib3/issues/2680
  import urllib3
/n/home04/amuppidi/.conda/envs/torch/lib/python3.10/site-packages/jax/_src/pjit.py:415: DeprecationWarning: backend and device argument on jit is deprecated. You can use `jax.device_put(..., jax.local_devices(backend="cpu")[0])` on the inputs to the jitted function to get the same behavior.
  warnings.warn(
/n/home04/amuppidi/.conda/envs/torch/lib/python3.10/site-packages/jax/_src/nn/functions.py:740: DeprecationWarning: jax.nn.one_hot input should be integer-typed; got dtype=float32
  deprecations.warn(
/n/home04/amuppidi/.conda/envs/torch/lib/python3.10/site-packages/chex/_src/dataclass.py:280: DeprecationWarning: unzip2 was deprecated in JAX v0.6.0 and will be removed in JAX v0.7.0.
  flatten = lambda d: jax.util.unzip2(sorted(d.__dict__.items()))[::-1]
/n/home04/amuppidi/.conda/envs/torch/lib/python3.10/site-packages/gymnasium/core.py:311: UserWarning: [33mWARN: env.spec to get variables from other wrappers is deprecated and will be removed in v1.0, to get this variable you can do `env.unwrapped.spec` for environment variables or `env.get_wrapper_attr('spec')` that will search the reminding wrappers.[0m
  logger.warn(
INFO:TrainMonitor:ep: 1,	T: 12,	G: 11,	avg_r: 1,	avg_G: 11,	t: 11,	dt: 3865.117ms,	v: -1.05,	Rn: 5.65,	loss: 2.37,	training_step: 50,	test_G: 9.3
INFO:TrainMonitor:ep: 2,	T: 23,	G: 10,	avg_r: 1,	avg_G: 10.5,	t: 10,	dt: 370.365ms,	v: 7.77,	Rn: 5.34,	loss: 1.82,	training_step: 100
INFO:TrainMonitor:ep: 3,	T: 34,	G: 10,	avg_r: 1,	avg_G: 10.3,	t: 10,	dt: 330.973ms,	v: 8.51,	Rn: 5.34,	loss: 1.62,	training_step: 150
INFO:TrainMonitor:ep: 4,	T: 45,	G: 10,	avg_r: 1,	avg_G: 10.2,	t: 10,	dt: 76.077ms,	v: 8.67,	Rn: 5.34,	loss: 1.61,	training_step: 200
INFO:TrainMonitor:ep: 5,	T: 56,	G: 10,	avg_r: 1,	avg_G: 10.2,	t: 10,	dt: 336.002ms,	v: 8.69,	Rn: 5.34,	loss: 1.6,	training_step: 250
INFO:TrainMonitor:ep: 6,	T: 67,	G: 10,	avg_r: 1,	avg_G: 10.2,	t: 10,	dt: 327.179ms,	v: 8.91,	Rn: 5.34,	loss: 1.6,	training_step: 300
INFO:TrainMonitor:ep: 7,	T: 78,	G: 10,	avg_r: 1,	avg_G: 10.1,	t: 10,	dt: 76.738ms,	v: 8.66,	Rn: 5.34,	loss: 1.6,	training_step: 350
INFO:TrainMonitor:ep: 8,	T: 89,	G: 10,	avg_r: 1,	avg_G: 10.1,	t: 10,	dt: 98.020ms,	v: 8.72,	Rn: 5.34,	loss: 1.59,	training_step: 400
INFO:TrainMonitor:ep: 9,	T: 100,	G: 10,	avg_r: 1,	avg_G: 10.1,	t: 10,	dt: 82.785ms,	v: 8.62,	Rn: 5.34,	loss: 1.59,	training_step: 450
INFO:TrainMonitor:ep: 10,	T: 113,	G: 12,	avg_r: 1,	avg_G: 10.3,	t: 12,	dt: 67.259ms,	v: 8.71,	Rn: 7.35,	loss: 1.59,	training_step: 500
INFO:TrainMonitor:ep: 11,	T: 124,	G: 10,	avg_r: 1,	avg_G: 10.3,	t: 10,	dt: 581.071ms,	v: 8.52,	Rn: 5.34,	loss: 1.59,	training_step: 550,	test_G: 9.5
INFO:TrainMonitor:ep: 12,	T: 136,	G: 11,	avg_r: 1,	avg_G: 10.3,	t: 11,	dt: 76.053ms,	v: 8.39,	Rn: 6.38,	loss: 1.58,	training_step: 600
INFO:TrainMonitor:ep: 13,	T: 147,	G: 10,	avg_r: 1,	avg_G: 10.3,	t: 10,	dt: 69.662ms,	v: 8.52,	Rn: 5.34,	loss: 1.58,	training_step: 650
INFO:TrainMonitor:ep: 14,	T: 158,	G: 10,	avg_r: 1,	avg_G: 10.3,	t: 10,	dt: 98.406ms,	v: 8.45,	Rn: 5.34,	loss: 1.59,	training_step: 700
INFO:TrainMonitor:ep: 15,	T: 169,	G: 10,	avg_r: 1,	avg_G: 10.3,	t: 10,	dt: 93.947ms,	v: 8.6,	Rn: 5.34,	loss: 1.58,	training_step: 750
INFO:TrainMonitor:ep: 16,	T: 180,	G: 10,	avg_r: 1,	avg_G: 10.2,	t: 10,	dt: 78.829ms,	v: 8.5,	Rn: 5.34,	loss: 1.59,	training_step: 800
INFO:TrainMonitor:ep: 17,	T: 191,	G: 10,	avg_r: 1,	avg_G: 10.2,	t: 10,	dt: 90.985ms,	v: 8.39,	Rn: 5.34,	loss: 1.58,	training_step: 850
INFO:TrainMonitor:ep: 18,	T: 202,	G: 10,	avg_r: 1,	avg_G: 10.2,	t: 10,	dt: 80.158ms,	v: 8.36,	Rn: 5.34,	loss: 1.58,	training_step: 900
INFO:TrainMonitor:ep: 19,	T: 213,	G: 10,	avg_r: 1,	avg_G: 10.2,	t: 10,	dt: 82.968ms,	v: 8.59,	Rn: 5.34,	loss: 1.58,	training_step: 950
INFO:TrainMonitor:ep: 20,	T: 224,	G: 10,	avg_r: 1,	avg_G: 10.1,	t: 10,	dt: 83.107ms,	v: 8.6,	Rn: 5.34,	loss: 1.6,	training_step: 1e+03
INFO:TrainMonitor:ep: 21,	T: 235,	G: 10,	avg_r: 1,	avg_G: 10.1,	t: 10,	dt: 707.360ms,	v: 8.63,	Rn: 5.34,	loss: 1.6,	training_step: 1.05e+03,	test_G: 8.8
INFO:TrainMonitor:ep: 22,	T: 246,	G: 10,	avg_r: 1,	avg_G: 10.1,	t: 10,	dt: 97.325ms,	v: 8.71,	Rn: 5.34,	loss: 1.59,	training_step: 1.1e+03
INFO:TrainMonitor:ep: 23,	T: 257,	G: 10,	avg_r: 1,	avg_G: 10.1,	t: 10,	dt: 95.505ms,	v: 8.78,	Rn: 5.34,	loss: 1.58,	training_step: 1.15e+03
INFO:TrainMonitor:ep: 24,	T: 268,	G: 10,	avg_r: 1,	avg_G: 10.1,	t: 10,	dt: 77.366ms,	v: 8.52,	Rn: 5.34,	loss: 1.58,	training_step: 1.2e+03
INFO:TrainMonitor:ep: 25,	T: 281,	G: 12,	avg_r: 1,	avg_G: 10.3,	t: 12,	dt: 78.221ms,	v: 8.83,	Rn: 7.31,	loss: 1.58,	training_step: 1.25e+03
INFO:TrainMonitor:ep: 26,	T: 292,	G: 10,	avg_r: 1,	avg_G: 10.3,	t: 10,	dt: 98.939ms,	v: 8.52,	Rn: 5.34,	loss: 1.59,	training_step: 1.3e+03
INFO:TrainMonitor:ep: 27,	T: 304,	G: 11,	avg_r: 1,	avg_G: 10.3,	t: 11,	dt: 80.394ms,	v: 8.63,	Rn: 6.4,	loss: 1.59,	training_step: 1.35e+03
INFO:TrainMonitor:ep: 28,	T: 315,	G: 10,	avg_r: 1,	avg_G: 10.3,	t: 10,	dt: 97.325ms,	v: 8.42,	Rn: 5.34,	loss: 1.59,	training_step: 1.4e+03
INFO:TrainMonitor:ep: 29,	T: 326,	G: 10,	avg_r: 1,	avg_G: 10.3,	t: 10,	dt: 96.824ms,	v: 8.66,	Rn: 5.34,	loss: 1.58,	training_step: 1.45e+03
INFO:TrainMonitor:ep: 30,	T: 341,	G: 14,	avg_r: 1,	avg_G: 10.6,	t: 14,	dt: 52.961ms,	v: 12,	Rn: 9.43,	loss: 1.6,	training_step: 1.5e+03
INFO:TrainMonitor:ep: 31,	T: 352,	G: 10,	avg_r: 1,	avg_G: 10.6,	t: 10,	dt: 922.115ms,	v: 8.46,	Rn: 5.34,	loss: 1.61,	training_step: 1.55e+03,	test_G: 9
INFO:TrainMonitor:ep: 32,	T: 363,	G: 10,	avg_r: 1,	avg_G: 10.5,	t: 10,	dt: 88.197ms,	v: 8.49,	Rn: 5.34,	loss: 1.6,	training_step: 1.6e+03
INFO:TrainMonitor:ep: 33,	T: 374,	G: 10,	avg_r: 1,	avg_G: 10.5,	t: 10,	dt: 90.517ms,	v: 8.78,	Rn: 5.34,	loss: 1.63,	training_step: 1.65e+03
INFO:TrainMonitor:ep: 34,	T: 385,	G: 10,	avg_r: 1,	avg_G: 10.4,	t: 10,	dt: 96.891ms,	v: 8.2,	Rn: 5.34,	loss: 1.6,	training_step: 1.7e+03
INFO:TrainMonitor:ep: 35,	T: 396,	G: 10,	avg_r: 1,	avg_G: 10.4,	t: 10,	dt: 85.706ms,	v: 8.37,	Rn: 5.34,	loss: 1.63,	training_step: 1.75e+03
INFO:TrainMonitor:ep: 36,	T: 407,	G: 10,	avg_r: 1,	avg_G: 10.3,	t: 10,	dt: 97.199ms,	v: 8.53,	Rn: 5.34,	loss: 1.61,	training_step: 1.8e+03
INFO:TrainMonitor:ep: 37,	T: 418,	G: 10,	avg_r: 1,	avg_G: 10.3,	t: 10,	dt: 84.770ms,	v: 8.11,	Rn: 5.34,	loss: 1.59,	training_step: 1.85e+03
INFO:TrainMonitor:ep: 38,	T: 430,	G: 11,	avg_r: 1,	avg_G: 10.4,	t: 11,	dt: 59.233ms,	v: 13.3,	Rn: 6.7,	loss: 1.61,	training_step: 1.9e+03
INFO:TrainMonitor:ep: 39,	T: 441,	G: 10,	avg_r: 1,	avg_G: 10.3,	t: 10,	dt: 91.807ms,	v: 8.34,	Rn: 5.34,	loss: 1.65,	training_step: 1.95e+03
INFO:TrainMonitor:ep: 40,	T: 468,	G: 26,	avg_r: 1,	avg_G: 11.9,	t: 26,	dt: 68.250ms,	v: 9.54,	Rn: 12.6,	loss: 1.7,	training_step: 2e+03
INFO:TrainMonitor:ep: 41,	T: 500,	G: 31,	avg_r: 1,	avg_G: 13.8,	t: 31,	dt: 206.494ms,	v: 9.92,	Rn: 13.7,	loss: 1.71,	training_step: 2.05e+03,	test_G: 8.9
INFO:TrainMonitor:ep: 42,	T: 520,	G: 19,	avg_r: 1,	avg_G: 14.3,	t: 19,	dt: 70.959ms,	v: 9.09,	Rn: 10.6,	loss: 1.72,	training_step: 2.1e+03
INFO:TrainMonitor:ep: 43,	T: 535,	G: 14,	avg_r: 1,	avg_G: 14.3,	t: 14,	dt: 47.174ms,	v: 12.6,	Rn: 9.72,	loss: 1.69,	training_step: 2.15e+03
INFO:TrainMonitor:ep: 44,	T: 550,	G: 14,	avg_r: 1,	avg_G: 14.3,	t: 14,	dt: 49.078ms,	v: 12.9,	Rn: 9.76,	loss: 1.75,	training_step: 2.2e+03
INFO:TrainMonitor:ep: 45,	T: 561,	G: 10,	avg_r: 1,	avg_G: 13.8,	t: 10,	dt: 82.216ms,	v: 8.62,	Rn: 5.34,	loss: 1.72,	training_step: 2.25e+03
INFO:TrainMonitor:ep: 46,	T: 573,	G: 11,	avg_r: 1,	avg_G: 13.6,	t: 11,	dt: 275.228ms,	v: 13.2,	Rn: 6.93,	loss: 1.77,	training_step: 2.3e+03
INFO:TrainMonitor:ep: 47,	T: 584,	G: 10,	avg_r: 1,	avg_G: 13.2,	t: 10,	dt: 78.211ms,	v: 9.2,	Rn: 5.34,	loss: 1.77,	training_step: 2.35e+03
INFO:TrainMonitor:ep: 48,	T: 601,	G: 16,	avg_r: 1,	avg_G: 13.5,	t: 16,	dt: 194.513ms,	v: 13.6,	Rn: 11.4,	loss: 1.76,	training_step: 2.4e+03
INFO:TrainMonitor:ep: 49,	T: 616,	G: 14,	avg_r: 1,	avg_G: 13.5,	t: 14,	dt: 45.118ms,	v: 12.7,	Rn: 9.86,	loss: 1.74,	training_step: 2.45e+03
INFO:TrainMonitor:ep: 50,	T: 628,	G: 11,	avg_r: 1,	avg_G: 13.3,	t: 11,	dt: 58.359ms,	v: 13.4,	Rn: 6.78,	loss: 1.79,	training_step: 2.5e+03
INFO:TrainMonitor:ep: 51,	T: 643,	G: 14,	avg_r: 1,	avg_G: 13.4,	t: 14,	dt: 368.735ms,	v: 15.5,	Rn: 10.6,	loss: 1.8,	training_step: 2.55e+03,	test_G: 9.6
INFO:TrainMonitor:ep: 52,	T: 655,	G: 11,	avg_r: 1,	avg_G: 13.1,	t: 11,	dt: 45.984ms,	v: 15.5,	Rn: 6.8,	loss: 1.8,	training_step: 2.6e+03
INFO:TrainMonitor:ep: 53,	T: 671,	G: 15,	avg_r: 1,	avg_G: 13.3,	t: 15,	dt: 44.118ms,	v: 17.9,	Rn: 11.9,	loss: 1.82,	training_step: 2.65e+03
INFO:TrainMonitor:ep: 54,	T: 690,	G: 18,	avg_r: 1,	avg_G: 13.8,	t: 18,	dt: 39.943ms,	v: 14.2,	Rn: 12.4,	loss: 1.84,	training_step: 2.7e+03
INFO:TrainMonitor:ep: 55,	T: 709,	G: 18,	avg_r: 1,	avg_G: 14.2,	t: 18,	dt: 36.407ms,	v: 16.6,	Rn: 13.8,	loss: 1.85,	training_step: 2.75e+03
INFO:TrainMonitor:ep: 56,	T: 723,	G: 13,	avg_r: 1,	avg_G: 14.1,	t: 13,	dt: 236.765ms,	v: 16.9,	Rn: 9.59,	loss: 1.88,	training_step: 2.8e+03
INFO:TrainMonitor:ep: 57,	T: 753,	G: 29,	avg_r: 1,	avg_G: 15.6,	t: 29,	dt: 29.451ms,	v: 18.4,	Rn: 18.6,	loss: 1.89,	training_step: 2.85e+03
INFO:TrainMonitor:ep: 58,	T: 766,	G: 12,	avg_r: 1,	avg_G: 15.2,	t: 12,	dt: 60.546ms,	v: 10.5,	Rn: 7.17,	loss: 1.93,	training_step: 2.9e+03
INFO:TrainMonitor:ep: 59,	T: 781,	G: 14,	avg_r: 1,	avg_G: 15.1,	t: 14,	dt: 38.315ms,	v: 18.3,	Rn: 11.3,	loss: 1.88,	training_step: 2.95e+03
INFO:TrainMonitor:ep: 60,	T: 809,	G: 27,	avg_r: 1,	avg_G: 16.3,	t: 27,	dt: 35.246ms,	v: 13.2,	Rn: 14.1,	loss: 1.93,	training_step: 3e+03
INFO:TrainMonitor:ep: 61,	T: 822,	G: 12,	avg_r: 1,	avg_G: 15.9,	t: 12,	dt: 342.049ms,	v: 16.6,	Rn: 8.47,	loss: 1.95,	training_step: 3.05e+03,	test_G: 10
INFO:TrainMonitor:ep: 62,	T: 839,	G: 16,	avg_r: 1,	avg_G: 15.9,	t: 16,	dt: 35.879ms,	v: 16.3,	Rn: 12.2,	loss: 1.95,	training_step: 3.1e+03
INFO:TrainMonitor:ep: 63,	T: 852,	G: 12,	avg_r: 1,	avg_G: 15.5,	t: 12,	dt: 41.471ms,	v: 17,	Rn: 8.42,	loss: 1.92,	training_step: 3.15e+03
INFO:TrainMonitor:ep: 64,	T: 864,	G: 11,	avg_r: 1,	avg_G: 15,	t: 11,	dt: 58.511ms,	v: 11.4,	Rn: 6.28,	loss: 1.9,	training_step: 3.2e+03
INFO:TrainMonitor:ep: 65,	T: 876,	G: 11,	avg_r: 1,	avg_G: 14.6,	t: 11,	dt: 43.148ms,	v: 18.5,	Rn: 7.15,	loss: 1.9,	training_step: 3.25e+03
INFO:TrainMonitor:ep: 66,	T: 893,	G: 16,	avg_r: 1,	avg_G: 14.8,	t: 16,	dt: 34.996ms,	v: 19.4,	Rn: 13.3,	loss: 1.95,	training_step: 3.3e+03
INFO:TrainMonitor:ep: 67,	T: 910,	G: 16,	avg_r: 1,	avg_G: 14.9,	t: 16,	dt: 34.648ms,	v: 19.2,	Rn: 13,	loss: 1.96,	training_step: 3.35e+03
INFO:TrainMonitor:ep: 68,	T: 923,	G: 12,	avg_r: 1,	avg_G: 14.6,	t: 12,	dt: 40.399ms,	v: 19.3,	Rn: 8.8,	loss: 1.96,	training_step: 3.4e+03
INFO:TrainMonitor:ep: 69,	T: 933,	G: 9,	avg_r: 1,	avg_G: 14,	t: 9,	dt: 51.379ms,	v: 19.4,	Rn: 4.87,	loss: 1.92,	training_step: 3.45e+03
INFO:TrainMonitor:ep: 70,	T: 954,	G: 20,	avg_r: 1,	avg_G: 14.6,	t: 20,	dt: 31.554ms,	v: 19.9,	Rn: 16,	loss: 1.96,	training_step: 3.5e+03
INFO:TrainMonitor:ep: 71,	T: 982,	G: 27,	avg_r: 1,	avg_G: 15.9,	t: 27,	dt: 148.527ms,	v: 14.8,	Rn: 14.2,	loss: 2,	training_step: 3.55e+03,	test_G: 10.3
INFO:TrainMonitor:ep: 72,	T: 1,009,	G: 26,	avg_r: 1,	avg_G: 16.9,	t: 26,	dt: 28.870ms,	v: 18.2,	Rn: 18.6,	loss: 2.01,	training_step: 3.6e+03
INFO:TrainMonitor:ep: 73,	T: 1,022,	G: 12,	avg_r: 1,	avg_G: 16.4,	t: 12,	dt: 41.808ms,	v: 18.3,	Rn: 8.29,	loss: 2,	training_step: 3.65e+03
INFO:TrainMonitor:ep: 74,	T: 1,035,	G: 12,	avg_r: 1,	avg_G: 16,	t: 12,	dt: 40.875ms,	v: 19.5,	Rn: 8.64,	loss: 1.98,	training_step: 3.7e+03
INFO:TrainMonitor:ep: 75,	T: 1,056,	G: 20,	avg_r: 1,	avg_G: 16.4,	t: 20,	dt: 32.773ms,	v: 15.7,	Rn: 14.2,	loss: 2.02,	training_step: 3.75e+03
INFO:TrainMonitor:ep: 76,	T: 1,068,	G: 11,	avg_r: 1,	avg_G: 15.8,	t: 11,	dt: 44.577ms,	v: 16.2,	Rn: 6.8,	loss: 1.99,	training_step: 3.8e+03
INFO:TrainMonitor:ep: 77,	T: 1,084,	G: 15,	avg_r: 1,	avg_G: 15.7,	t: 15,	dt: 37.107ms,	v: 19.1,	Rn: 11.7,	loss: 2.02,	training_step: 3.85e+03
INFO:TrainMonitor:ep: 78,	T: 1,134,	G: 49,	avg_r: 1,	avg_G: 19.1,	t: 49,	dt: 26.244ms,	v: 19.2,	Rn: 22.2,	loss: 2.05,	training_step: 3.9e+03
INFO:TrainMonitor:ep: 79,	T: 1,162,	G: 27,	avg_r: 1,	avg_G: 19.9,	t: 27,	dt: 30.920ms,	v: 19.4,	Rn: 18.7,	loss: 2.08,	training_step: 3.95e+03
INFO:TrainMonitor:ep: 80,	T: 1,178,	G: 15,	avg_r: 1,	avg_G: 19.4,	t: 15,	dt: 36.311ms,	v: 19.3,	Rn: 12,	loss: 2.06,	training_step: 4e+03
INFO:TrainMonitor:ep: 81,	T: 1,200,	G: 21,	avg_r: 1,	avg_G: 19.5,	t: 21,	dt: 204.774ms,	v: 19.5,	Rn: 16.1,	loss: 2.11,	training_step: 4.05e+03,	test_G: 9
INFO:TrainMonitor:ep: 82,	T: 1,217,	G: 16,	avg_r: 1,	avg_G: 19.2,	t: 16,	dt: 35.449ms,	v: 17.9,	Rn: 12.1,	loss: 2.09,	training_step: 4.1e+03
INFO:TrainMonitor:ep: 83,	T: 1,239,	G: 21,	avg_r: 1,	avg_G: 19.4,	t: 21,	dt: 31.215ms,	v: 20.1,	Rn: 17.6,	loss: 2.07,	training_step: 4.15e+03
INFO:TrainMonitor:ep: 84,	T: 1,254,	G: 14,	avg_r: 1,	avg_G: 18.8,	t: 14,	dt: 37.886ms,	v: 19.8,	Rn: 10.6,	loss: 2.14,	training_step: 4.2e+03
INFO:TrainMonitor:ep: 85,	T: 1,283,	G: 28,	avg_r: 1,	avg_G: 19.7,	t: 28,	dt: 128.325ms,	v: 22.3,	Rn: 20.5,	loss: 2.12,	training_step: 4.25e+03
INFO:TrainMonitor:ep: 86,	T: 1,301,	G: 17,	avg_r: 1,	avg_G: 19.5,	t: 17,	dt: 35.374ms,	v: 18.5,	Rn: 12.5,	loss: 2.09,	training_step: 4.3e+03
INFO:TrainMonitor:ep: 87,	T: 1,331,	G: 29,	avg_r: 1,	avg_G: 20.4,	t: 29,	dt: 27.310ms,	v: 21.2,	Rn: 20.3,	loss: 2.14,	training_step: 4.35e+03
INFO:TrainMonitor:ep: 88,	T: 1,347,	G: 15,	avg_r: 1,	avg_G: 19.9,	t: 15,	dt: 37.383ms,	v: 21,	Rn: 11.6,	loss: 2.1,	training_step: 4.4e+03
INFO:TrainMonitor:ep: 89,	T: 1,364,	G: 16,	avg_r: 1,	avg_G: 19.5,	t: 16,	dt: 41.823ms,	v: 17.6,	Rn: 10.3,	loss: 2.11,	training_step: 4.45e+03
INFO:TrainMonitor:ep: 90,	T: 1,376,	G: 11,	avg_r: 1,	avg_G: 18.6,	t: 11,	dt: 43.180ms,	v: 18.6,	Rn: 6.75,	loss: 2.1,	training_step: 4.5e+03
INFO:TrainMonitor:ep: 91,	T: 1,389,	G: 12,	avg_r: 1,	avg_G: 18,	t: 12,	dt: 312.630ms,	v: 16.5,	Rn: 6.77,	loss: 2.12,	training_step: 4.55e+03,	test_G: 9.6
INFO:TrainMonitor:ep: 92,	T: 1,403,	G: 13,	avg_r: 1,	avg_G: 17.5,	t: 13,	dt: 41.229ms,	v: 18.3,	Rn: 9.54,	loss: 2.13,	training_step: 4.6e+03
INFO:TrainMonitor:ep: 93,	T: 1,413,	G: 9,	avg_r: 1,	avg_G: 16.6,	t: 9,	dt: 48.605ms,	v: 18.7,	Rn: 4.87,	loss: 2.12,	training_step: 4.65e+03
INFO:TrainMonitor:ep: 94,	T: 1,432,	G: 18,	avg_r: 1,	avg_G: 16.8,	t: 18,	dt: 32.848ms,	v: 21.5,	Rn: 15.8,	loss: 2.17,	training_step: 4.7e+03
INFO:TrainMonitor:ep: 95,	T: 1,446,	G: 13,	avg_r: 1,	avg_G: 16.4,	t: 13,	dt: 43.162ms,	v: 15.4,	Rn: 7.39,	loss: 2.13,	training_step: 4.75e+03
INFO:TrainMonitor:ep: 96,	T: 1,458,	G: 11,	avg_r: 1,	avg_G: 15.9,	t: 11,	dt: 43.147ms,	v: 17.7,	Rn: 6.67,	loss: 2.16,	training_step: 4.8e+03
INFO:TrainMonitor:ep: 97,	T: 1,471,	G: 12,	avg_r: 1,	avg_G: 15.5,	t: 12,	dt: 40.835ms,	v: 19.1,	Rn: 8.33,	loss: 2.17,	training_step: 4.85e+03
INFO:TrainMonitor:ep: 98,	T: 1,481,	G: 9,	avg_r: 1,	avg_G: 14.8,	t: 9,	dt: 47.672ms,	v: 18.3,	Rn: 4.87,	loss: 2.17,	training_step: 4.9e+03
INFO:TrainMonitor:ep: 99,	T: 1,515,	G: 33,	avg_r: 1,	avg_G: 16.6,	t: 33,	dt: 28.102ms,	v: 17,	Rn: 17.9,	loss: 2.17,	training_step: 4.95e+03
INFO:TrainMonitor:ep: 100,	T: 1,533,	G: 17,	avg_r: 1,	avg_G: 16.7,	t: 17,	dt: 34.717ms,	v: 20.8,	Rn: 14.2,	loss: 2.18,	training_step: 5e+03
INFO:TrainMonitor:ep: 101,	T: 1,568,	G: 34,	avg_r: 1,	avg_G: 18.4,	t: 34,	dt: 132.710ms,	v: 14.5,	Rn: 15.7,	loss: 2.22,	training_step: 5.05e+03,	test_G: 12.7
INFO:TrainMonitor:ep: 102,	T: 1,602,	G: 33,	avg_r: 1,	avg_G: 19.9,	t: 33,	dt: 33.489ms,	v: 13.3,	Rn: 14.6,	loss: 2.2,	training_step: 5.1e+03
INFO:TrainMonitor:ep: 103,	T: 1,615,	G: 12,	avg_r: 1,	avg_G: 19.1,	t: 12,	dt: 41.215ms,	v: 20.6,	Rn: 8.64,	loss: 2.19,	training_step: 5.15e+03
INFO:TrainMonitor:ep: 104,	T: 1,632,	G: 16,	avg_r: 1,	avg_G: 18.8,	t: 16,	dt: 35.030ms,	v: 21.1,	Rn: 13.1,	loss: 2.17,	training_step: 5.2e+03
INFO:TrainMonitor:ep: 105,	T: 1,644,	G: 11,	avg_r: 1,	avg_G: 18,	t: 11,	dt: 571.771ms,	v: 15.2,	Rn: 6.28,	loss: 2.18,	training_step: 5.25e+03
INFO:TrainMonitor:ep: 106,	T: 1,661,	G: 16,	avg_r: 1,	avg_G: 17.8,	t: 16,	dt: 37.942ms,	v: 19,	Rn: 11.5,	loss: 2.15,	training_step: 5.3e+03
INFO:TrainMonitor:ep: 107,	T: 1,681,	G: 19,	avg_r: 1,	avg_G: 17.9,	t: 19,	dt: 35.279ms,	v: 18.7,	Rn: 13.5,	loss: 2.2,	training_step: 5.35e+03
INFO:TrainMonitor:ep: 108,	T: 1,698,	G: 16,	avg_r: 1,	avg_G: 17.7,	t: 16,	dt: 37.335ms,	v: 16.3,	Rn: 10.3,	loss: 2.2,	training_step: 5.4e+03
INFO:TrainMonitor:ep: 109,	T: 1,708,	G: 9,	avg_r: 1,	avg_G: 16.9,	t: 9,	dt: 48.794ms,	v: 16.4,	Rn: 4.87,	loss: 2.21,	training_step: 5.45e+03
INFO:TrainMonitor:ep: 110,	T: 1,726,	G: 17,	avg_r: 1,	avg_G: 16.9,	t: 17,	dt: 34.538ms,	v: 20,	Rn: 13.4,	loss: 2.22,	training_step: 5.5e+03
INFO:TrainMonitor:ep: 111,	T: 1,742,	G: 15,	avg_r: 1,	avg_G: 16.7,	t: 15,	dt: 239.398ms,	v: 18.3,	Rn: 10.8,	loss: 2.2,	training_step: 5.55e+03,	test_G: 9.9
INFO:TrainMonitor:ep: 112,	T: 1,763,	G: 20,	avg_r: 1,	avg_G: 17,	t: 20,	dt: 33.832ms,	v: 18,	Rn: 13.8,	loss: 2.2,	training_step: 5.6e+03
INFO:TrainMonitor:ep: 113,	T: 1,787,	G: 23,	avg_r: 1,	avg_G: 17.6,	t: 23,	dt: 38.216ms,	v: 13.5,	Rn: 12.3,	loss: 2.2,	training_step: 5.65e+03
INFO:TrainMonitor:ep: 114,	T: 1,811,	G: 23,	avg_r: 1,	avg_G: 18.1,	t: 23,	dt: 30.264ms,	v: 19.9,	Rn: 17.2,	loss: 2.23,	training_step: 5.7e+03
INFO:TrainMonitor:ep: 115,	T: 1,841,	G: 29,	avg_r: 1,	avg_G: 19.2,	t: 29,	dt: 27.269ms,	v: 21.3,	Rn: 20.7,	loss: 2.23,	training_step: 5.75e+03
INFO:TrainMonitor:ep: 116,	T: 1,857,	G: 15,	avg_r: 1,	avg_G: 18.8,	t: 15,	dt: 37.875ms,	v: 16.2,	Rn: 10.5,	loss: 2.25,	training_step: 5.8e+03
INFO:TrainMonitor:ep: 117,	T: 1,881,	G: 23,	avg_r: 1,	avg_G: 19.2,	t: 23,	dt: 29.653ms,	v: 19.6,	Rn: 16.7,	loss: 2.25,	training_step: 5.85e+03
INFO:TrainMonitor:ep: 118,	T: 1,915,	G: 33,	avg_r: 1,	avg_G: 20.6,	t: 33,	dt: 26.801ms,	v: 21.8,	Rn: 21.7,	loss: 2.24,	training_step: 5.9e+03
INFO:TrainMonitor:ep: 119,	T: 1,943,	G: 27,	avg_r: 1,	avg_G: 21.2,	t: 27,	dt: 28.439ms,	v: 21.7,	Rn: 20.9,	loss: 2.25,	training_step: 5.95e+03
INFO:TrainMonitor:ep: 120,	T: 1,958,	G: 14,	avg_r: 1,	avg_G: 20.5,	t: 14,	dt: 41.911ms,	v: 15.1,	Rn: 7.91,	loss: 2.28,	training_step: 6e+03
INFO:TrainMonitor:ep: 121,	T: 1,987,	G: 28,	avg_r: 1,	avg_G: 21.3,	t: 28,	dt: 148.361ms,	v: 20.2,	Rn: 19.6,	loss: 2.24,	training_step: 6.05e+03,	test_G: 9.6
INFO:TrainMonitor:ep: 122,	T: 2,002,	G: 14,	avg_r: 1,	avg_G: 20.5,	t: 14,	dt: 38.473ms,	v: 20.3,	Rn: 10.6,	loss: 2.25,	training_step: 6.1e+03
INFO:TrainMonitor:ep: 123,	T: 2,027,	G: 24,	avg_r: 1,	avg_G: 20.9,	t: 24,	dt: 30.855ms,	v: 18.3,	Rn: 15.7,	loss: 2.26,	training_step: 6.15e+03
INFO:TrainMonitor:ep: 124,	T: 2,047,	G: 19,	avg_r: 1,	avg_G: 20.7,	t: 19,	dt: 32.981ms,	v: 19.1,	Rn: 13.9,	loss: 2.26,	training_step: 6.2e+03
INFO:TrainMonitor:ep: 125,	T: 2,065,	G: 17,	avg_r: 1,	avg_G: 20.3,	t: 17,	dt: 36.131ms,	v: 17.9,	Rn: 12,	loss: 2.27,	training_step: 6.25e+03
INFO:TrainMonitor:ep: 126,	T: 2,088,	G: 22,	avg_r: 1,	avg_G: 20.5,	t: 22,	dt: 30.970ms,	v: 21.8,	Rn: 18.2,	loss: 2.3,	training_step: 6.3e+03
INFO:TrainMonitor:ep: 127,	T: 2,101,	G: 12,	avg_r: 1,	avg_G: 19.6,	t: 12,	dt: 39.908ms,	v: 22.1,	Rn: 9.01,	loss: 2.23,	training_step: 6.35e+03
INFO:TrainMonitor:ep: 128,	T: 2,114,	G: 12,	avg_r: 1,	avg_G: 18.9,	t: 12,	dt: 41.431ms,	v: 19.4,	Rn: 8.47,	loss: 2.29,	training_step: 6.4e+03
INFO:TrainMonitor:ep: 129,	T: 2,135,	G: 20,	avg_r: 1,	avg_G: 19,	t: 20,	dt: 32.800ms,	v: 19.9,	Rn: 15.3,	loss: 2.3,	training_step: 6.45e+03
INFO:TrainMonitor:ep: 130,	T: 2,159,	G: 23,	avg_r: 1,	avg_G: 19.4,	t: 23,	dt: 30.715ms,	v: 21.5,	Rn: 18.1,	loss: 2.3,	training_step: 6.5e+03
INFO:TrainMonitor:ep: 131,	T: 2,172,	G: 12,	avg_r: 1,	avg_G: 18.7,	t: 12,	dt: 297.833ms,	v: 19.2,	Rn: 8.18,	loss: 2.28,	training_step: 6.55e+03,	test_G: 9.1
INFO:TrainMonitor:ep: 132,	T: 2,211,	G: 38,	avg_r: 1,	avg_G: 20.6,	t: 38,	dt: 25.382ms,	v: 21.6,	Rn: 23.2,	loss: 2.3,	training_step: 6.6e+03
INFO:TrainMonitor:ep: 133,	T: 2,223,	G: 11,	avg_r: 1,	avg_G: 19.6,	t: 11,	dt: 45.772ms,	v: 16,	Rn: 6.65,	loss: 2.29,	training_step: 6.65e+03
INFO:TrainMonitor:ep: 134,	T: 2,250,	G: 26,	avg_r: 1,	avg_G: 20.3,	t: 26,	dt: 30.506ms,	v: 17.1,	Rn: 15.8,	loss: 2.29,	training_step: 6.7e+03
INFO:TrainMonitor:ep: 135,	T: 2,267,	G: 16,	avg_r: 1,	avg_G: 19.8,	t: 16,	dt: 37.882ms,	v: 18,	Rn: 11.4,	loss: 2.32,	training_step: 6.75e+03
INFO:TrainMonitor:ep: 136,	T: 2,289,	G: 21,	avg_r: 1,	avg_G: 20,	t: 21,	dt: 31.870ms,	v: 16,	Rn: 13.3,	loss: 2.3,	training_step: 6.8e+03
INFO:TrainMonitor:ep: 137,	T: 2,309,	G: 19,	avg_r: 1,	avg_G: 19.9,	t: 19,	dt: 33.389ms,	v: 20.5,	Rn: 15,	loss: 2.31,	training_step: 6.85e+03
INFO:TrainMonitor:ep: 138,	T: 2,342,	G: 32,	avg_r: 1,	avg_G: 21.1,	t: 32,	dt: 28.195ms,	v: 17.9,	Rn: 18.1,	loss: 2.31,	training_step: 6.9e+03
INFO:TrainMonitor:ep: 139,	T: 2,359,	G: 16,	avg_r: 1,	avg_G: 20.6,	t: 16,	dt: 36.682ms,	v: 19.1,	Rn: 11.3,	loss: 2.32,	training_step: 6.95e+03
INFO:TrainMonitor:ep: 140,	T: 2,373,	G: 13,	avg_r: 1,	avg_G: 19.8,	t: 13,	dt: 38.540ms,	v: 22.2,	Rn: 10.7,	loss: 2.3,	training_step: 7e+03
INFO:TrainMonitor:ep: 141,	T: 2,402,	G: 28,	avg_r: 1,	avg_G: 20.6,	t: 28,	dt: 195.169ms,	v: 19.2,	Rn: 18.2,	loss: 2.31,	training_step: 7.05e+03,	test_G: 23.1
INFO:TrainMonitor:ep: 142,	T: 2,415,	G: 12,	avg_r: 1,	avg_G: 19.8,	t: 12,	dt: 40.783ms,	v: 20.6,	Rn: 8.49,	loss: 2.32,	training_step: 7.1e+03
INFO:TrainMonitor:ep: 143,	T: 2,438,	G: 22,	avg_r: 1,	avg_G: 20,	t: 22,	dt: 30.180ms,	v: 23.6,	Rn: 19.1,	loss: 2.33,	training_step: 7.15e+03
INFO:TrainMonitor:ep: 144,	T: 2,455,	G: 16,	avg_r: 1,	avg_G: 19.6,	t: 16,	dt: 34.835ms,	v: 22.4,	Rn: 13.9,	loss: 2.33,	training_step: 7.2e+03
INFO:TrainMonitor:ep: 145,	T: 2,471,	G: 15,	avg_r: 1,	avg_G: 19.1,	t: 15,	dt: 35.928ms,	v: 20.9,	Rn: 12.4,	loss: 2.29,	training_step: 7.25e+03
INFO:TrainMonitor:ep: 146,	T: 2,502,	G: 30,	avg_r: 1,	avg_G: 20.2,	t: 30,	dt: 27.177ms,	v: 20.2,	Rn: 20,	loss: 2.33,	training_step: 7.3e+03
INFO:TrainMonitor:ep: 147,	T: 2,516,	G: 13,	avg_r: 1,	avg_G: 19.5,	t: 13,	dt: 40.389ms,	v: 18.7,	Rn: 9.15,	loss: 2.34,	training_step: 7.35e+03
INFO:TrainMonitor:ep: 148,	T: 2,538,	G: 21,	avg_r: 1,	avg_G: 19.6,	t: 21,	dt: 33.821ms,	v: 18.1,	Rn: 14.1,	loss: 2.33,	training_step: 7.4e+03
INFO:TrainMonitor:ep: 149,	T: 2,553,	G: 14,	avg_r: 1,	avg_G: 19.1,	t: 14,	dt: 39.316ms,	v: 17.8,	Rn: 9.98,	loss: 2.33,	training_step: 7.45e+03
INFO:TrainMonitor:ep: 150,	T: 2,568,	G: 14,	avg_r: 1,	avg_G: 18.6,	t: 14,	dt: 38.706ms,	v: 18.2,	Rn: 10.9,	loss: 2.34,	training_step: 7.5e+03
INFO:TrainMonitor:ep: 151,	T: 2,580,	G: 11,	avg_r: 1,	avg_G: 17.8,	t: 11,	dt: 438.392ms,	v: 14.2,	Rn: 6.6,	loss: 2.33,	training_step: 7.55e+03,	test_G: 14.9
INFO:TrainMonitor:ep: 152,	T: 2,601,	G: 20,	avg_r: 1,	avg_G: 18,	t: 20,	dt: 32.105ms,	v: 21.1,	Rn: 16.3,	loss: 2.35,	training_step: 7.6e+03
INFO:TrainMonitor:ep: 153,	T: 2,615,	G: 13,	avg_r: 1,	avg_G: 17.5,	t: 13,	dt: 40.318ms,	v: 20.3,	Rn: 9.43,	loss: 2.32,	training_step: 7.65e+03
INFO:TrainMonitor:ep: 154,	T: 2,629,	G: 13,	avg_r: 1,	avg_G: 17.1,	t: 13,	dt: 39.243ms,	v: 20.1,	Rn: 9.87,	loss: 2.36,	training_step: 7.7e+03
INFO:TrainMonitor:ep: 155,	T: 2,641,	G: 11,	avg_r: 1,	avg_G: 16.5,	t: 11,	dt: 42.285ms,	v: 20.5,	Rn: 7.13,	loss: 2.35,	training_step: 7.75e+03
INFO:TrainMonitor:ep: 156,	T: 2,659,	G: 17,	avg_r: 1,	avg_G: 16.5,	t: 17,	dt: 35.266ms,	v: 18.6,	Rn: 12.4,	loss: 2.32,	training_step: 7.8e+03
INFO:TrainMonitor:ep: 157,	T: 2,675,	G: 15,	avg_r: 1,	avg_G: 16.4,	t: 15,	dt: 38.132ms,	v: 17.6,	Rn: 10.2,	loss: 2.37,	training_step: 7.85e+03
INFO:TrainMonitor:ep: 158,	T: 2,687,	G: 11,	avg_r: 1,	avg_G: 15.8,	t: 11,	dt: 42.717ms,	v: 19.9,	Rn: 6.67,	loss: 2.37,	training_step: 7.9e+03
INFO:TrainMonitor:ep: 159,	T: 2,699,	G: 11,	avg_r: 1,	avg_G: 15.4,	t: 11,	dt: 43.778ms,	v: 19.2,	Rn: 6.85,	loss: 2.37,	training_step: 7.95e+03
INFO:TrainMonitor:ep: 160,	T: 2,714,	G: 14,	avg_r: 1,	avg_G: 15.2,	t: 14,	dt: 37.894ms,	v: 20.8,	Rn: 11.3,	loss: 2.33,	training_step: 8e+03
INFO:TrainMonitor:ep: 161,	T: 2,729,	G: 14,	avg_r: 1,	avg_G: 15.1,	t: 14,	dt: 370.146ms,	v: 18.4,	Rn: 10,	loss: 2.33,	training_step: 8.05e+03,	test_G: 17.8
INFO:TrainMonitor:ep: 162,	T: 2,746,	G: 16,	avg_r: 1,	avg_G: 15.2,	t: 16,	dt: 38.275ms,	v: 16.9,	Rn: 12.3,	loss: 2.33,	training_step: 8.1e+03
INFO:TrainMonitor:ep: 163,	T: 2,763,	G: 16,	avg_r: 1,	avg_G: 15.3,	t: 16,	dt: 36.754ms,	v: 19.5,	Rn: 12.1,	loss: 2.34,	training_step: 8.15e+03
INFO:TrainMonitor:ep: 164,	T: 2,811,	G: 47,	avg_r: 1,	avg_G: 18.4,	t: 47,	dt: 24.147ms,	v: 21.6,	Rn: 23.8,	loss: 2.34,	training_step: 8.2e+03
INFO:TrainMonitor:ep: 165,	T: 2,829,	G: 17,	avg_r: 1,	avg_G: 18.3,	t: 17,	dt: 34.402ms,	v: 20.1,	Rn: 13.6,	loss: 2.33,	training_step: 8.25e+03
INFO:TrainMonitor:ep: 166,	T: 2,853,	G: 23,	avg_r: 1,	avg_G: 18.8,	t: 23,	dt: 29.604ms,	v: 22.4,	Rn: 19.4,	loss: 2.37,	training_step: 8.3e+03
INFO:TrainMonitor:ep: 167,	T: 2,880,	G: 26,	avg_r: 1,	avg_G: 19.5,	t: 26,	dt: 28.396ms,	v: 23.1,	Rn: 20.8,	loss: 2.35,	training_step: 8.35e+03
INFO:TrainMonitor:ep: 168,	T: 2,895,	G: 14,	avg_r: 1,	avg_G: 18.9,	t: 14,	dt: 41.130ms,	v: 16.1,	Rn: 9.58,	loss: 2.37,	training_step: 8.4e+03
INFO:TrainMonitor:ep: 169,	T: 2,921,	G: 25,	avg_r: 1,	avg_G: 19.5,	t: 25,	dt: 29.021ms,	v: 22.1,	Rn: 19.4,	loss: 2.35,	training_step: 8.45e+03
INFO:TrainMonitor:ep: 170,	T: 2,953,	G: 31,	avg_r: 1,	avg_G: 20.7,	t: 31,	dt: 29.599ms,	v: 15.4,	Rn: 15.2,	loss: 2.35,	training_step: 8.5e+03
INFO:TrainMonitor:ep: 171,	T: 2,971,	G: 17,	avg_r: 1,	avg_G: 20.3,	t: 17,	dt: 327.611ms,	v: 18.8,	Rn: 11.9,	loss: 2.35,	training_step: 8.55e+03,	test_G: 16.4
INFO:TrainMonitor:ep: 172,	T: 2,991,	G: 19,	avg_r: 1,	avg_G: 20.2,	t: 19,	dt: 33.134ms,	v: 20.8,	Rn: 14.9,	loss: 2.39,	training_step: 8.6e+03
INFO:TrainMonitor:ep: 173,	T: 3,031,	G: 39,	avg_r: 1,	avg_G: 22.1,	t: 39,	dt: 25.436ms,	v: 22.8,	Rn: 23.7,	loss: 2.38,	training_step: 8.65e+03
2025-11-21 09:14:18.360425: W external/xla/xla/service/gpu/autotuning/dot_search_space.cc:200] All configs were filtered out because none of them sufficiently match the hints. Maybe the hints set does not contain a good representative set of valid configs?Working around this by using the full hints set instead.
2025-11-21 09:14:18.360465: W external/xla/xla/service/gpu/autotuning/dot_search_space.cc:200] All configs were filtered out because none of them sufficiently match the hints. Maybe the hints set does not contain a good representative set of valid configs?Working around this by using the full hints set instead.
2025-11-21 09:14:18.360481: W external/xla/xla/service/gpu/autotuning/dot_search_space.cc:200] All configs were filtered out because none of them sufficiently match the hints. Maybe the hints set does not contain a good representative set of valid configs?Working around this by using the full hints set instead.
INFO:TrainMonitor:ep: 174,	T: 3,053,	G: 21,	avg_r: 1,	avg_G: 22,	t: 21,	dt: 377.211ms,	v: 20.1,	Rn: 15.8,	loss: 2.39,	training_step: 8.7e+03
INFO:TrainMonitor:ep: 175,	T: 3,114,	G: 60,	avg_r: 1,	avg_G: 25.8,	t: 60,	dt: 26.835ms,	v: 13.6,	Rn: 17.5,	loss: 2.38,	training_step: 8.75e+03
INFO:TrainMonitor:ep: 176,	T: 3,128,	G: 13,	avg_r: 1,	avg_G: 24.5,	t: 13,	dt: 38.817ms,	v: 21.7,	Rn: 10.4,	loss: 2.38,	training_step: 8.8e+03
INFO:TrainMonitor:ep: 177,	T: 3,178,	G: 49,	avg_r: 1,	avg_G: 26.9,	t: 49,	dt: 24.448ms,	v: 20.2,	Rn: 22.9,	loss: 2.41,	training_step: 8.85e+03
INFO:TrainMonitor:ep: 178,	T: 3,223,	G: 44,	avg_r: 1,	avg_G: 28.6,	t: 44,	dt: 28.465ms,	v: 14.1,	Rn: 16.6,	loss: 2.39,	training_step: 8.9e+03
INFO:TrainMonitor:ep: 179,	T: 3,247,	G: 23,	avg_r: 1,	avg_G: 28.1,	t: 23,	dt: 30.315ms,	v: 22.9,	Rn: 18.8,	loss: 2.42,	training_step: 8.95e+03
INFO:TrainMonitor:ep: 180,	T: 3,269,	G: 21,	avg_r: 1,	avg_G: 27.4,	t: 21,	dt: 35.975ms,	v: 16.8,	Rn: 12.7,	loss: 2.42,	training_step: 9e+03
INFO:TrainMonitor:ep: 181,	T: 3,291,	G: 21,	avg_r: 1,	avg_G: 26.7,	t: 21,	dt: 253.701ms,	v: 18,	Rn: 14.5,	loss: 2.41,	training_step: 9.05e+03,	test_G: 17.5
INFO:TrainMonitor:ep: 182,	T: 3,303,	G: 11,	avg_r: 1,	avg_G: 25.2,	t: 11,	dt: 43.335ms,	v: 23.2,	Rn: 7.3,	loss: 2.4,	training_step: 9.1e+03
INFO:TrainMonitor:ep: 183,	T: 3,314,	G: 10,	avg_r: 1,	avg_G: 23.6,	t: 10,	dt: 48.786ms,	v: 16.4,	Rn: 5.34,	loss: 2.39,	training_step: 9.15e+03
INFO:TrainMonitor:ep: 184,	T: 3,352,	G: 37,	avg_r: 1,	avg_G: 25,	t: 37,	dt: 26.719ms,	v: 18.9,	Rn: 19.9,	loss: 2.42,	training_step: 9.2e+03
INFO:TrainMonitor:ep: 185,	T: 3,369,	G: 16,	avg_r: 1,	avg_G: 24.1,	t: 16,	dt: 35.606ms,	v: 20.9,	Rn: 12.9,	loss: 2.39,	training_step: 9.25e+03
INFO:TrainMonitor:ep: 186,	T: 3,380,	G: 10,	avg_r: 1,	avg_G: 22.7,	t: 10,	dt: 46.277ms,	v: 19.7,	Rn: 5.34,	loss: 2.4,	training_step: 9.3e+03
INFO:TrainMonitor:ep: 187,	T: 3,399,	G: 18,	avg_r: 1,	avg_G: 22.2,	t: 18,	dt: 35.003ms,	v: 16.2,	Rn: 11.8,	loss: 2.41,	training_step: 9.35e+03
INFO:TrainMonitor:ep: 188,	T: 3,409,	G: 9,	avg_r: 1,	avg_G: 20.9,	t: 9,	dt: 49.556ms,	v: 17.2,	Rn: 4.87,	loss: 2.4,	training_step: 9.4e+03
INFO:TrainMonitor:ep: 189,	T: 3,440,	G: 30,	avg_r: 1,	avg_G: 21.8,	t: 30,	dt: 27.395ms,	v: 23.9,	Rn: 22.6,	loss: 2.44,	training_step: 9.45e+03
INFO:TrainMonitor:ep: 190,	T: 3,455,	G: 14,	avg_r: 1,	avg_G: 21,	t: 14,	dt: 41.608ms,	v: 18.5,	Rn: 9.93,	loss: 2.39,	training_step: 9.5e+03
INFO:TrainMonitor:ep: 191,	T: 3,473,	G: 17,	avg_r: 1,	avg_G: 20.6,	t: 17,	dt: 313.256ms,	v: 23.3,	Rn: 15.2,	loss: 2.41,	training_step: 9.55e+03,	test_G: 19.3
INFO:TrainMonitor:ep: 192,	T: 3,494,	G: 20,	avg_r: 1,	avg_G: 20.6,	t: 20,	dt: 32.630ms,	v: 21.5,	Rn: 17,	loss: 2.38,	training_step: 9.6e+03
INFO:TrainMonitor:ep: 193,	T: 3,509,	G: 14,	avg_r: 1,	avg_G: 19.9,	t: 14,	dt: 37.559ms,	v: 22.3,	Rn: 11.7,	loss: 2.41,	training_step: 9.65e+03
INFO:TrainMonitor:ep: 194,	T: 3,538,	G: 28,	avg_r: 1,	avg_G: 20.7,	t: 28,	dt: 28.086ms,	v: 23.2,	Rn: 21.1,	loss: 2.39,	training_step: 9.7e+03
INFO:TrainMonitor:ep: 195,	T: 3,564,	G: 25,	avg_r: 1,	avg_G: 21.1,	t: 25,	dt: 33.216ms,	v: 18.3,	Rn: 15.6,	loss: 2.43,	training_step: 9.75e+03
INFO:TrainMonitor:ep: 196,	T: 3,579,	G: 14,	avg_r: 1,	avg_G: 20.4,	t: 14,	dt: 37.465ms,	v: 20.2,	Rn: 10.5,	loss: 2.42,	training_step: 9.8e+03
INFO:TrainMonitor:ep: 197,	T: 3,635,	G: 55,	avg_r: 1,	avg_G: 23.9,	t: 55,	dt: 23.783ms,	v: 21.9,	Rn: 24.6,	loss: 2.42,	training_step: 9.85e+03
INFO:TrainMonitor:ep: 198,	T: 3,646,	G: 10,	avg_r: 1,	avg_G: 22.5,	t: 10,	dt: 46.860ms,	v: 15.9,	Rn: 5.34,	loss: 2.4,	training_step: 9.9e+03
INFO:TrainMonitor:ep: 199,	T: 3,665,	G: 18,	avg_r: 1,	avg_G: 22,	t: 18,	dt: 33.278ms,	v: 22.6,	Rn: 16,	loss: 2.43,	training_step: 9.95e+03
INFO:TrainMonitor:ep: 200,	T: 3,680,	G: 14,	avg_r: 1,	avg_G: 21.2,	t: 14,	dt: 39.321ms,	v: 17.7,	Rn: 10.2,	loss: 2.4,	training_step: 1e+04
INFO:TrainMonitor:ep: 201,	T: 3,707,	G: 26,	avg_r: 1,	avg_G: 21.7,	t: 26,	dt: 237.082ms,	v: 19.1,	Rn: 17.1,	loss: 2.41,	training_step: 1e+04,	test_G: 22.4
INFO:TrainMonitor:ep: 202,	T: 3,721,	G: 13,	avg_r: 1,	avg_G: 20.8,	t: 13,	dt: 40.300ms,	v: 22.9,	Rn: 9.75,	loss: 2.38,	training_step: 1.01e+04
INFO:TrainMonitor:ep: 203,	T: 3,733,	G: 11,	avg_r: 1,	avg_G: 19.9,	t: 11,	dt: 44.859ms,	v: 21.4,	Rn: 6.9,	loss: 2.42,	training_step: 1.02e+04
INFO:TrainMonitor:ep: 204,	T: 3,768,	G: 34,	avg_r: 1,	avg_G: 21.3,	t: 34,	dt: 28.015ms,	v: 20.7,	Rn: 20.6,	loss: 2.41,	training_step: 1.02e+04
INFO:TrainMonitor:ep: 205,	T: 3,813,	G: 44,	avg_r: 1,	avg_G: 23.5,	t: 44,	dt: 26.160ms,	v: 20.4,	Rn: 22.3,	loss: 2.45,	training_step: 1.02e+04
INFO:TrainMonitor:ep: 206,	T: 3,867,	G: 53,	avg_r: 1,	avg_G: 26.5,	t: 53,	dt: 23.514ms,	v: 23.5,	Rn: 25.8,	loss: 2.41,	training_step: 1.03e+04
INFO:TrainMonitor:ep: 207,	T: 3,890,	G: 22,	avg_r: 1,	avg_G: 26,	t: 22,	dt: 30.999ms,	v: 21.8,	Rn: 17.7,	loss: 2.42,	training_step: 1.04e+04
INFO:TrainMonitor:ep: 208,	T: 3,909,	G: 18,	avg_r: 1,	avg_G: 25.2,	t: 18,	dt: 33.304ms,	v: 22,	Rn: 15.4,	loss: 2.42,	training_step: 1.04e+04
INFO:TrainMonitor:ep: 209,	T: 3,929,	G: 19,	avg_r: 1,	avg_G: 24.6,	t: 19,	dt: 32.611ms,	v: 23.2,	Rn: 17,	loss: 2.42,	training_step: 1.04e+04
INFO:TrainMonitor:ep: 210,	T: 3,959,	G: 29,	avg_r: 1,	avg_G: 25.1,	t: 29,	dt: 29.409ms,	v: 21.4,	Rn: 20.3,	loss: 2.44,	training_step: 1.05e+04
INFO:TrainMonitor:ep: 211,	T: 4,000,	G: 40,	avg_r: 1,	avg_G: 26.5,	t: 40,	dt: 509.069ms,	v: 23.7,	Rn: 24.7,	loss: 2.44,	training_step: 1.06e+04,	test_G: 99.5
INFO:TrainMonitor:ep: 212,	T: 4,012,	G: 11,	avg_r: 1,	avg_G: 25,	t: 11,	dt: 45.472ms,	v: 24.6,	Rn: 7.47,	loss: 2.46,	training_step: 1.06e+04
INFO:TrainMonitor:ep: 213,	T: 4,084,	G: 71,	avg_r: 1,	avg_G: 29.6,	t: 71,	dt: 22.743ms,	v: 24.5,	Rn: 27.9,	loss: 2.43,	training_step: 1.06e+04
INFO:TrainMonitor:ep: 214,	T: 4,110,	G: 25,	avg_r: 1,	avg_G: 29.1,	t: 25,	dt: 29.255ms,	v: 24.5,	Rn: 21.2,	loss: 2.41,	training_step: 1.07e+04
INFO:TrainMonitor:ep: 215,	T: 4,125,	G: 14,	avg_r: 1,	avg_G: 27.6,	t: 14,	dt: 38.466ms,	v: 25.5,	Rn: 12.6,	loss: 2.43,	training_step: 1.08e+04
INFO:TrainMonitor:ep: 216,	T: 4,200,	G: 74,	avg_r: 1,	avg_G: 32.3,	t: 74,	dt: 23.036ms,	v: 25.3,	Rn: 28.7,	loss: 2.43,	training_step: 1.08e+04
INFO:TrainMonitor:ep: 217,	T: 4,220,	G: 19,	avg_r: 1,	avg_G: 30.9,	t: 19,	dt: 34.252ms,	v: 24.3,	Rn: 18.1,	loss: 2.45,	training_step: 1.08e+04
INFO:TrainMonitor:ep: 218,	T: 4,235,	G: 14,	avg_r: 1,	avg_G: 29.2,	t: 14,	dt: 38.579ms,	v: 24.4,	Rn: 12.2,	loss: 2.45,	training_step: 1.09e+04
INFO:TrainMonitor:ep: 219,	T: 4,285,	G: 49,	avg_r: 1,	avg_G: 31.2,	t: 49,	dt: 25.630ms,	v: 25.4,	Rn: 27,	loss: 2.44,	training_step: 1.1e+04
INFO:TrainMonitor:ep: 220,	T: 4,303,	G: 17,	avg_r: 1,	avg_G: 29.8,	t: 17,	dt: 35.402ms,	v: 24.5,	Rn: 16.3,	loss: 2.42,	training_step: 1.1e+04
INFO:TrainMonitor:ep: 221,	T: 4,316,	G: 12,	avg_r: 1,	avg_G: 28,	t: 12,	dt: 2844.125ms,	v: 22.4,	Rn: 9.58,	loss: 2.43,	training_step: 1.1e+04,	test_G: 167
INFO:TrainMonitor:ep: 222,	T: 4,332,	G: 15,	avg_r: 1,	avg_G: 26.7,	t: 15,	dt: 40.062ms,	v: 25.8,	Rn: 14.8,	loss: 2.42,	training_step: 1.11e+04
INFO:TrainMonitor:ep: 223,	T: 4,373,	G: 40,	avg_r: 1,	avg_G: 28,	t: 40,	dt: 28.889ms,	v: 24.7,	Rn: 25.4,	loss: 2.42,	training_step: 1.12e+04
INFO:TrainMonitor:ep: 224,	T: 4,404,	G: 30,	avg_r: 1,	avg_G: 28.2,	t: 30,	dt: 28.069ms,	v: 27.9,	Rn: 25.4,	loss: 2.45,	training_step: 1.12e+04
INFO:TrainMonitor:ep: 225,	T: 4,448,	G: 43,	avg_r: 1,	avg_G: 29.7,	t: 43,	dt: 26.430ms,	v: 24.3,	Rn: 25.5,	loss: 2.43,	training_step: 1.12e+04
INFO:TrainMonitor:ep: 226,	T: 4,479,	G: 30,	avg_r: 1,	avg_G: 29.7,	t: 30,	dt: 27.862ms,	v: 27,	Rn: 24.7,	loss: 2.44,	training_step: 1.13e+04
INFO:TrainMonitor:ep: 227,	T: 4,526,	G: 46,	avg_r: 1,	avg_G: 31.4,	t: 46,	dt: 24.720ms,	v: 26.7,	Rn: 27.9,	loss: 2.43,	training_step: 1.14e+04
INFO:TrainMonitor:ep: 228,	T: 4,566,	G: 39,	avg_r: 1,	avg_G: 32.1,	t: 39,	dt: 27.185ms,	v: 25.7,	Rn: 25.9,	loss: 2.43,	training_step: 1.14e+04
INFO:TrainMonitor:ep: 229,	T: 4,584,	G: 17,	avg_r: 1,	avg_G: 30.6,	t: 17,	dt: 35.778ms,	v: 25.8,	Rn: 16.7,	loss: 2.46,	training_step: 1.14e+04
INFO:TrainMonitor:ep: 230,	T: 4,622,	G: 37,	avg_r: 1,	avg_G: 31.3,	t: 37,	dt: 27.333ms,	v: 23.2,	Rn: 23.6,	loss: 2.45,	training_step: 1.15e+04
INFO:TrainMonitor:ep: 231,	T: 4,682,	G: 59,	avg_r: 1,	avg_G: 34,	t: 59,	dt: 101.110ms,	v: 26.8,	Rn: 29.2,	loss: 2.43,	training_step: 1.16e+04,	test_G: 18.5
INFO:TrainMonitor:ep: 232,	T: 4,705,	G: 22,	avg_r: 1,	avg_G: 32.8,	t: 22,	dt: 31.354ms,	v: 27,	Rn: 21.6,	loss: 2.42,	training_step: 1.16e+04
INFO:TrainMonitor:ep: 233,	T: 4,737,	G: 31,	avg_r: 1,	avg_G: 32.6,	t: 31,	dt: 30.501ms,	v: 26.3,	Rn: 24.8,	loss: 2.51,	training_step: 1.16e+04
INFO:TrainMonitor:ep: 234,	T: 4,759,	G: 21,	avg_r: 1,	avg_G: 31.5,	t: 21,	dt: 32.272ms,	v: 27.1,	Rn: 20.9,	loss: 2.42,	training_step: 1.17e+04
INFO:TrainMonitor:ep: 235,	T: 4,789,	G: 29,	avg_r: 1,	avg_G: 31.2,	t: 29,	dt: 28.954ms,	v: 28.1,	Rn: 25.2,	loss: 2.45,	training_step: 1.18e+04
INFO:TrainMonitor:ep: 236,	T: 4,838,	G: 48,	avg_r: 1,	avg_G: 32.9,	t: 48,	dt: 25.874ms,	v: 27.7,	Rn: 28.7,	loss: 2.46,	training_step: 1.18e+04
INFO:TrainMonitor:ep: 237,	T: 4,948,	G: 109,	avg_r: 1,	avg_G: 40.5,	t: 109,	dt: 22.271ms,	v: 28.1,	Rn: 32.4,	loss: 2.46,	training_step: 1.18e+04
INFO:TrainMonitor:ep: 238,	T: 5,007,	G: 58,	avg_r: 1,	avg_G: 42.3,	t: 58,	dt: 23.961ms,	v: 27.3,	Rn: 29.7,	loss: 2.43,	training_step: 1.19e+04
INFO:TrainMonitor:ep: 239,	T: 5,037,	G: 29,	avg_r: 1,	avg_G: 40.9,	t: 29,	dt: 28.234ms,	v: 29.8,	Rn: 26.3,	loss: 2.49,	training_step: 1.2e+04
INFO:TrainMonitor:ep: 240,	T: 5,122,	G: 84,	avg_r: 1,	avg_G: 45.2,	t: 84,	dt: 23.923ms,	v: 28.5,	Rn: 32,	loss: 2.46,	training_step: 1.2e+04
INFO:TrainMonitor:ep: 241,	T: 5,171,	G: 48,	avg_r: 1,	avg_G: 45.5,	t: 48,	dt: 306.682ms,	v: 27.9,	Rn: 28.9,	loss: 2.46,	training_step: 1.2e+04,	test_G: 65.4
INFO:TrainMonitor:ep: 242,	T: 5,185,	G: 13,	avg_r: 1,	avg_G: 42.3,	t: 13,	dt: 43.707ms,	v: 26.7,	Rn: 12,	loss: 2.45,	training_step: 1.21e+04
INFO:TrainMonitor:ep: 243,	T: 5,248,	G: 62,	avg_r: 1,	avg_G: 44.2,	t: 62,	dt: 23.445ms,	v: 29.8,	Rn: 31.8,	loss: 2.48,	training_step: 1.22e+04
INFO:TrainMonitor:ep: 244,	T: 5,310,	G: 61,	avg_r: 1,	avg_G: 45.9,	t: 61,	dt: 23.227ms,	v: 28.4,	Rn: 30.8,	loss: 2.49,	training_step: 1.22e+04
INFO:TrainMonitor:ep: 245,	T: 5,324,	G: 13,	avg_r: 1,	avg_G: 42.6,	t: 13,	dt: 41.079ms,	v: 28.9,	Rn: 12.7,	loss: 2.47,	training_step: 1.22e+04
INFO:TrainMonitor:ep: 246,	T: 5,338,	G: 13,	avg_r: 1,	avg_G: 39.7,	t: 13,	dt: 41.462ms,	v: 25.5,	Rn: 12.4,	loss: 2.47,	training_step: 1.23e+04
INFO:TrainMonitor:ep: 247,	T: 5,381,	G: 42,	avg_r: 1,	avg_G: 39.9,	t: 42,	dt: 26.184ms,	v: 28.1,	Rn: 28.5,	loss: 2.47,	training_step: 1.24e+04
INFO:TrainMonitor:ep: 248,	T: 5,424,	G: 42,	avg_r: 1,	avg_G: 40.1,	t: 42,	dt: 25.409ms,	v: 30.3,	Rn: 30,	loss: 2.46,	training_step: 1.24e+04
INFO:TrainMonitor:ep: 249,	T: 5,489,	G: 64,	avg_r: 1,	avg_G: 42.5,	t: 64,	dt: 25.953ms,	v: 29.5,	Rn: 31.7,	loss: 2.5,	training_step: 1.24e+04
INFO:TrainMonitor:ep: 250,	T: 5,504,	G: 14,	avg_r: 1,	avg_G: 39.6,	t: 14,	dt: 40.230ms,	v: 29.4,	Rn: 14.5,	loss: 2.53,	training_step: 1.25e+04
