Buffer warm-up stage (pure CartPole)...
[Warmup ep 1] transitions added=9, total transitions=9 (target warmup=1024)
Warning: buffer_warm_up (1024) > buffer_capacity (500); warmup will never fully satisfy the target.
Start training (pure CartPole, JIT+scan episodes)...
[Episode 0] train_loss = 2.2260, training_step = 50, test_avg_reward = 9.40, best_test_reward = 9.40
[Episode 1] train_loss = 1.8766, training_step = 100, reward_sum = 9.00
[Episode 2] train_loss = 1.8480, training_step = 150, reward_sum = 10.00
[Episode 3] train_loss = 1.8028, training_step = 200, reward_sum = 9.00
[Episode 4] train_loss = 1.6688, training_step = 250, reward_sum = 10.00
[Episode 5] train_loss = 1.5159, training_step = 300, reward_sum = 9.00
[Episode 6] train_loss = 1.4834, training_step = 350, reward_sum = 9.00
[Episode 7] train_loss = 1.4803, training_step = 400, reward_sum = 9.00
[Episode 8] train_loss = 1.4559, training_step = 450, reward_sum = 10.00
[Episode 9] train_loss = 1.4461, training_step = 500, reward_sum = 9.00
[Episode 10] train_loss = 1.4466, training_step = 550, test_avg_reward = 9.20, best_test_reward = 9.40
[Episode 11] train_loss = 1.4415, training_step = 600, reward_sum = 9.00
[Episode 12] train_loss = 1.4254, training_step = 650, reward_sum = 10.00
[Episode 13] train_loss = 1.4210, training_step = 700, reward_sum = 9.00
[Episode 14] train_loss = 1.4059, training_step = 750, reward_sum = 9.00
[Episode 15] train_loss = 1.4811, training_step = 800, reward_sum = 9.00
[Episode 16] train_loss = 1.4778, training_step = 850, reward_sum = 8.00
[Episode 17] train_loss = 1.4439, training_step = 900, reward_sum = 9.00
[Episode 18] train_loss = 1.4326, training_step = 950, reward_sum = 9.00
[Episode 19] train_loss = 1.4248, training_step = 1000, reward_sum = 9.00
[Episode 20] train_loss = 1.4240, training_step = 1050, test_avg_reward = 9.20, best_test_reward = 9.40
[Episode 21] train_loss = 1.4347, training_step = 1100, reward_sum = 8.00
[Episode 22] train_loss = 1.4144, training_step = 1150, reward_sum = 9.00
[Episode 23] train_loss = 1.4117, training_step = 1200, reward_sum = 10.00
[Episode 24] train_loss = 1.4311, training_step = 1250, reward_sum = 10.00
[Episode 25] train_loss = 1.4207, training_step = 1300, reward_sum = 11.00
[Episode 26] train_loss = 1.4978, training_step = 1350, reward_sum = 10.00
[Episode 27] train_loss = 1.5201, training_step = 1400, reward_sum = 11.00
[Episode 28] train_loss = 1.4953, training_step = 1450, reward_sum = 10.00
[Episode 29] train_loss = 1.4952, training_step = 1500, reward_sum = 9.00
[Episode 30] train_loss = 1.5219, training_step = 1550, test_avg_reward = 8.90, best_test_reward = 9.40
[Episode 31] train_loss = 1.5202, training_step = 1600, reward_sum = 8.00
[Episode 32] train_loss = 1.6827, training_step = 1650, reward_sum = 17.00
[Episode 33] train_loss = 1.6882, training_step = 1700, reward_sum = 9.00
[Episode 34] train_loss = 1.6785, training_step = 1750, reward_sum = 8.00
[Episode 35] train_loss = 1.7197, training_step = 1800, reward_sum = 9.00
[Episode 36] train_loss = 1.7303, training_step = 1850, reward_sum = 10.00
[Episode 37] train_loss = 1.7178, training_step = 1900, reward_sum = 9.00
[Episode 38] train_loss = 1.6924, training_step = 1950, reward_sum = 12.00
[Episode 39] train_loss = 1.6784, training_step = 2000, reward_sum = 8.00
[Episode 40] train_loss = 1.6675, training_step = 2050, test_avg_reward = 9.50, best_test_reward = 9.50
[Episode 41] train_loss = 1.6506, training_step = 2100, reward_sum = 8.00
[Episode 42] train_loss = 1.6814, training_step = 2150, reward_sum = 8.00
[Episode 43] train_loss = 1.7128, training_step = 2200, reward_sum = 9.00
[Episode 44] train_loss = 1.6751, training_step = 2250, reward_sum = 10.00
[Episode 45] train_loss = 1.6271, training_step = 2300, reward_sum = 14.00
[Episode 46] train_loss = 1.6254, training_step = 2350, reward_sum = 9.00
[Episode 47] train_loss = 1.6452, training_step = 2400, reward_sum = 16.00
[Episode 48] train_loss = 1.6365, training_step = 2450, reward_sum = 8.00
[Episode 49] train_loss = 1.6343, training_step = 2500, reward_sum = 9.00
[Episode 50] train_loss = 1.7155, training_step = 2550, test_avg_reward = 11.10, best_test_reward = 11.10
[Episode 51] train_loss = 1.6875, training_step = 2600, reward_sum = 9.00
[Episode 52] train_loss = 1.6566, training_step = 2650, reward_sum = 9.00
[Episode 53] train_loss = 1.7097, training_step = 2700, reward_sum = 10.00
[Episode 54] train_loss = 1.7122, training_step = 2750, reward_sum = 10.00
[Episode 55] train_loss = 1.6916, training_step = 2800, reward_sum = 16.00
[Episode 56] train_loss = 1.7085, training_step = 2850, reward_sum = 9.00
[Episode 57] train_loss = 1.7046, training_step = 2900, reward_sum = 9.00
[Episode 58] train_loss = 1.7316, training_step = 2950, reward_sum = 21.00
[Episode 59] train_loss = 1.7992, training_step = 3000, reward_sum = 30.00
[Episode 60] train_loss = 1.7609, training_step = 3050, test_avg_reward = 19.00, best_test_reward = 19.00
[Episode 61] train_loss = 1.7988, training_step = 3100, reward_sum = 24.00
[Episode 62] train_loss = 1.8125, training_step = 3150, reward_sum = 15.00
[Episode 63] train_loss = 1.8158, training_step = 3200, reward_sum = 16.00
[Episode 64] train_loss = 1.8031, training_step = 3250, reward_sum = 13.00
[Episode 65] train_loss = 1.8317, training_step = 3300, reward_sum = 19.00
[Episode 66] train_loss = 1.8728, training_step = 3350, reward_sum = 21.00
[Episode 67] train_loss = 1.9210, training_step = 3400, reward_sum = 30.00
[Episode 68] train_loss = 1.9193, training_step = 3450, reward_sum = 25.00
[Episode 69] train_loss = 1.9197, training_step = 3500, reward_sum = 25.00
[Episode 70] train_loss = 1.9696, training_step = 3550, test_avg_reward = 50.70, best_test_reward = 50.70
[Episode 71] train_loss = 2.0174, training_step = 3600, reward_sum = 43.00
[Episode 72] train_loss = 2.0464, training_step = 3650, reward_sum = 38.00
[Episode 73] train_loss = 2.1224, training_step = 3700, reward_sum = 65.00
[Episode 74] train_loss = 2.1326, training_step = 3750, reward_sum = 71.00
[Episode 75] train_loss = 2.1935, training_step = 3800, reward_sum = 46.00
[Episode 76] train_loss = 2.2587, training_step = 3850, reward_sum = 55.00
[Episode 77] train_loss = 2.2566, training_step = 3900, reward_sum = 56.00
[Episode 78] train_loss = 2.2845, training_step = 3950, reward_sum = 23.00
[Episode 79] train_loss = 2.3054, training_step = 4000, reward_sum = 65.00
[Episode 80] train_loss = 2.2409, training_step = 4050, test_avg_reward = 59.40, best_test_reward = 59.40
[Episode 81] train_loss = 2.1250, training_step = 4100, reward_sum = 51.00
[Episode 82] train_loss = 2.0977, training_step = 4150, reward_sum = 86.00
[Episode 83] train_loss = 2.0870, training_step = 4200, reward_sum = 73.00
[Episode 84] train_loss = 2.1257, training_step = 4250, reward_sum = 59.00
[Episode 85] train_loss = 2.1290, training_step = 4300, reward_sum = 58.00
[Episode 86] train_loss = 1.9897, training_step = 4350, reward_sum = 85.00
[Episode 87] train_loss = 1.9660, training_step = 4400, reward_sum = 92.00
[Episode 88] train_loss = 1.9899, training_step = 4450, reward_sum = 94.00
[Episode 89] train_loss = 2.2941, training_step = 4500, reward_sum = 124.00
[Episode 90] train_loss = 2.3521, training_step = 4550, test_avg_reward = 54.80, best_test_reward = 59.40
[Episode 91] train_loss = 2.3520, training_step = 4600, reward_sum = 70.00
[Episode 92] train_loss = 2.1073, training_step = 4650, reward_sum = 155.00
[Episode 93] train_loss = 1.9802, training_step = 4700, reward_sum = 115.00
[Episode 94] train_loss = 1.9757, training_step = 4750, reward_sum = 148.00
[Episode 95] train_loss = 1.9122, training_step = 4800, reward_sum = 59.00
[Episode 96] train_loss = 2.0541, training_step = 4850, reward_sum = 147.00
[Episode 97] train_loss = 2.0928, training_step = 4900, reward_sum = 170.00
[Episode 98] train_loss = 2.2093, training_step = 4950, reward_sum = 51.00
[Episode 99] train_loss = 2.2713, training_step = 5000, reward_sum = 47.00
[Episode 100] train_loss = 2.4326, training_step = 5050, test_avg_reward = 101.90, best_test_reward = 101.90
[Episode 101] train_loss = 2.4558, training_step = 5100, reward_sum = 83.00
[Episode 102] train_loss = 2.4433, training_step = 5150, reward_sum = 151.00
[Episode 103] train_loss = 2.4185, training_step = 5200, reward_sum = 114.00
[Episode 104] train_loss = 2.3935, training_step = 5250, reward_sum = 82.00
[Episode 105] train_loss = 2.4632, training_step = 5300, reward_sum = 103.00
[Episode 106] train_loss = 2.3828, training_step = 5350, reward_sum = 37.00
[Episode 107] train_loss = 2.3577, training_step = 5400, reward_sum = 55.00
[Episode 108] train_loss = 2.4259, training_step = 5450, reward_sum = 88.00
[Episode 109] train_loss = 2.4430, training_step = 5500, reward_sum = 108.00
[Episode 110] train_loss = 2.3677, training_step = 5550, test_avg_reward = 104.70, best_test_reward = 104.70
[Episode 111] train_loss = 2.2862, training_step = 5600, reward_sum = 97.00
[Episode 112] train_loss = 2.4636, training_step = 5650, reward_sum = 63.00
[Episode 113] train_loss = 2.3825, training_step = 5700, reward_sum = 46.00
[Episode 114] train_loss = 2.4015, training_step = 5750, reward_sum = 135.00
[Episode 115] train_loss = 2.3557, training_step = 5800, reward_sum = 172.00
[Episode 116] train_loss = 2.2854, training_step = 5850, reward_sum = 97.00
[Episode 117] train_loss = 2.2738, training_step = 5900, reward_sum = 127.00
[Episode 118] train_loss = 2.3510, training_step = 5950, reward_sum = 243.00
[Episode 119] train_loss = 2.2268, training_step = 6000, reward_sum = 104.00
[Episode 120] train_loss = 2.4130, training_step = 6050, test_avg_reward = 270.30, best_test_reward = 270.30
[Episode 121] train_loss = 2.3614, training_step = 6100, reward_sum = 97.00
[Episode 122] train_loss = 2.3998, training_step = 6150, reward_sum = 104.00
[Episode 123] train_loss = 2.4826, training_step = 6200, reward_sum = 51.00
[Episode 124] train_loss = 2.5647, training_step = 6250, reward_sum = 145.00
[Episode 125] train_loss = 2.5952, training_step = 6300, reward_sum = 108.00
[Episode 126] train_loss = 2.5553, training_step = 6350, reward_sum = 113.00
[Episode 127] train_loss = 2.2833, training_step = 6400, reward_sum = 277.00
[Episode 128] train_loss = 1.9306, training_step = 6450, reward_sum = 233.00
[Episode 129] train_loss = 1.9847, training_step = 6500, reward_sum = 136.00
